Overview of all the compositionally biased regions from the file drosophila_7217.out: with 12291 regions

Counter of all Biases Types from the 12291 compositionally biased regions
[('SINGLE', 8499), ('WHOLE', 2191), ('MULTIPLE', 1601)]
Counter of all Signatures from the 12291 compositionally biased regions
[('{P}', 4938), ('{Q}', 4784), ('{H}', 968), ('{QP}', 491), ('{PQ}', 445), ('{QH}', 269), ('{HQ}', 149), ('{HP}', 109), ('{PH}', 64), ('{QPH}', 19), ('{PQH}', 18), ('{HPQ}', 11), ('{QHP}', 11), ('{PHQ}', 8), ('{HQP}', 7)]
Top 5 Residue Counts from the 12291 compositionally biased regions
[('10', 495), ('9', 482), ('11', 432), ('12', 355), ('13', 354), ('8', 346), ('14', 287), ('15', 266), ('18', 262), ('7', 260)]

Sequences with most biased regions up to range 10:
################################################################################
For sequence: tr|B3MUC6|B3MUC6_DROAN, there are 15 compositionally biased regions
Biases: [('SINGLE', 10), ('MULTIPLE', 3), ('WHOLE', 2)]
Signatures: [('{Q}', 7), ('{P}', 3), ('{H}', 2), ('{PQ}', 1), ('{HQ}', 1), ('{QH}', 1)]
Residue Counts: [('10', 3), ('15', 2), ('11', 2), ('360', 1), ('107', 1), ('28', 1), ('19', 1), ('592', 1), ('21', 1), ('543', 1), ('498', 1)]

For sequence: tr|B3LXQ2|B3LXQ2_DROAN, there are 11 compositionally biased regions
Biases: [('SINGLE', 7), ('MULTIPLE', 3), ('WHOLE', 1)]
Signatures: [('{Q}', 5), ('{QH}', 3), ('{H}', 2), ('{P}', 1)]
Residue Counts: [('49', 1), ('82', 1), ('23', 1), ('17', 1), ('15', 1), ('9', 1), ('10', 1), ('69', 1), ('26', 1), ('14', 1), ('194', 1)]

For sequence: tr|A0A0P8ZG90|A0A0P8ZG90_DROAN, there are 10 compositionally biased regions
Biases: [('SINGLE', 6), ('MULTIPLE', 2), ('WHOLE', 2)]
Signatures: [('{Q}', 4), ('{H}', 2), ('{P}', 2), ('{QP}', 1), ('{HQ}', 1)]
Residue Counts: [('85', 1), ('20', 1), ('90', 1), ('9', 1), ('6', 1), ('10', 1), ('205', 1), ('33', 1), ('146', 1), ('128', 1)]

For sequence: tr|A0A0P8Y085|A0A0P8Y085_DROAN, there are 10 compositionally biased regions
Biases: [('SINGLE', 5), ('MULTIPLE', 3), ('WHOLE', 2)]
Signatures: [('{Q}', 4), ('{P}', 3), ('{QP}', 2), ('{QH}', 1)]
Residue Counts: [('54', 1), ('87', 1), ('27', 1), ('63', 1), ('16', 1), ('158', 1), ('114', 1), ('28', 1), ('216', 1), ('192', 1)]

For sequence: tr|B3M7H2|B3M7H2_DROAN, there are 10 compositionally biased regions
Biases: [('SINGLE', 7), ('WHOLE', 2), ('MULTIPLE', 1)]
Signatures: [('{Q}', 5), ('{P}', 2), ('{H}', 2), ('{PQ}', 1)]
Residue Counts: [('169', 1), ('297', 1), ('23', 1), ('11', 1), ('12', 1), ('13', 1), ('7', 1), ('633', 1), ('339', 1), ('301', 1)]

For sequence: tr|A0A0P8XS70|A0A0P8XS70_DROAN, there are 10 compositionally biased regions
Biases: [('SINGLE', 7), ('WHOLE', 2), ('MULTIPLE', 1)]
Signatures: [('{Q}', 4), ('{H}', 3), ('{P}', 2), ('{HQ}', 1)]
Residue Counts: [('16', 2), ('115', 1), ('70', 1), ('68', 1), ('9', 1), ('10', 1), ('28', 1), ('294', 1), ('181', 1)]

For sequence: tr|A0A0P9BPQ1|A0A0P9BPQ1_DROAN, there are 10 compositionally biased regions
Biases: [('SINGLE', 6), ('MULTIPLE', 2), ('WHOLE', 2)]
Signatures: [('{Q}', 4), ('{H}', 2), ('{P}', 2), ('{QP}', 1), ('{HQ}', 1)]
Residue Counts: [('85', 1), ('20', 1), ('76', 1), ('9', 1), ('6', 1), ('10', 1), ('180', 1), ('33', 1), ('131', 1), ('112', 1)]

For sequence: tr|B3MD02|B3MD02_DROAN, there are 10 compositionally biased regions
Biases: [('SINGLE', 6), ('MULTIPLE', 2), ('WHOLE', 2)]
Signatures: [('{Q}', 5), ('{P}', 2), ('{H}', 1), ('{QH}', 1), ('{QP}', 1)]
Residue Counts: [('109', 1), ('17', 1), ('11', 1), ('23', 1), ('100', 1), ('15', 1), ('33', 1), ('271', 1), ('228', 1), ('145', 1)]

For sequence: tr|B3MY13|B3MY13_DROAN, there are 10 compositionally biased regions
Biases: [('SINGLE', 7), ('WHOLE', 2), ('MULTIPLE', 1)]
Signatures: [('{Q}', 4), ('{H}', 3), ('{P}', 2), ('{HQ}', 1)]
Residue Counts: [('16', 2), ('115', 1), ('57', 1), ('68', 1), ('9', 1), ('10', 1), ('28', 1), ('293', 1), ('174', 1)]

For sequence: tr|A0A0N8NZV7|A0A0N8NZV7_DROAN, there are 9 compositionally biased regions
Biases: [('SINGLE', 5), ('MULTIPLE', 2), ('WHOLE', 2)]
Signatures: [('{Q}', 4), ('{P}', 3), ('{QP}', 2)]
Residue Counts: [('241', 1), ('86', 1), ('141', 1), ('9', 1), ('59', 1), ('351', 1), ('170', 1), ('410', 1), ('249', 1)]

################################################################################
