Overview of all the compositionally biased regions from the file drosophila_30019.out: with 5764 regions

Counter of all Biases Types from the 5764 compositionally biased regions
[('SINGLE', 4178), ('WHOLE', 975), ('MULTIPLE', 611)]
Counter of all Signatures from the 5764 compositionally biased regions
[('{Q}', 3086), ('{P}', 1687), ('{H}', 380), ('{QP}', 215), ('{PQ}', 168), ('{QH}', 117), ('{HQ}', 38), ('{PH}', 24), ('{HP}', 19), ('{QPH}', 10), ('{PHQ}', 8), ('{QHP}', 4), ('{HPQ}', 3), ('{HQP}', 3), ('{PQH}', 2)]
Top 5 Residue Counts from the 5764 compositionally biased regions
[('9', 288), ('8', 255), ('10', 237), ('11', 221), ('12', 218), ('13', 175), ('7', 164), ('16', 151), ('15', 140), ('14', 138)]

Sequences with most biased regions up to range 10:
################################################################################
For sequence: tr|A0A0M3QTA6|A0A0M3QTA6_DROBS, there are 12 compositionally biased regions
Biases: [('SINGLE', 9), ('WHOLE', 2), ('MULTIPLE', 1)]
Signatures: [('{Q}', 8), ('{P}', 3), ('{PQ}', 1)]
Residue Counts: [('9', 2), ('240', 1), ('184', 1), ('32', 1), ('12', 1), ('19', 1), ('15', 1), ('5', 1), ('438', 1), ('406', 1), ('388', 1)]

For sequence: tr|A0A0M4F9R9|A0A0M4F9R9_DROBS, there are 11 compositionally biased regions
Biases: [('SINGLE', 8), ('WHOLE', 2), ('MULTIPLE', 1)]
Signatures: [('{Q}', 4), ('{P}', 3), ('{H}', 3), ('{QP}', 1)]
Residue Counts: [('15', 2), ('45', 1), ('189', 1), ('84', 1), ('46', 1), ('22', 1), ('6', 1), ('316', 1), ('376', 1), ('285', 1)]

For sequence: tr|A0A0M3QX86|A0A0M3QX86_DROBS, there are 10 compositionally biased regions
Biases: [('SINGLE', 7), ('MULTIPLE', 2), ('WHOLE', 1)]
Signatures: [('{Q}', 5), ('{H}', 2), ('{QH}', 2), ('{P}', 1)]
Residue Counts: [('32', 1), ('16', 1), ('19', 1), ('26', 1), ('36', 1), ('11', 1), ('7', 1), ('44', 1), ('74', 1), ('178', 1)]

For sequence: tr|A0A0M4ED97|A0A0M4ED97_DROBS, there are 9 compositionally biased regions
Biases: [('SINGLE', 6), ('WHOLE', 2), ('MULTIPLE', 1)]
Signatures: [('{Q}', 5), ('{P}', 2), ('{H}', 1), ('{QP}', 1)]
Residue Counts: [('59', 1), ('22', 1), ('164', 1), ('15', 1), ('16', 1), ('8', 1), ('335', 1), ('199', 1), ('172', 1)]

For sequence: tr|A0A0M3QWA5|A0A0M3QWA5_DROBS, there are 9 compositionally biased regions
Biases: [('SINGLE', 5), ('MULTIPLE', 2), ('WHOLE', 2)]
Signatures: [('{Q}', 5), ('{P}', 2), ('{PQ}', 1), ('{QH}', 1)]
Residue Counts: [('25', 2), ('69', 1), ('38', 1), ('20', 1), ('8', 1), ('109', 1), ('166', 1), ('154', 1)]

For sequence: tr|A0A0M3QZ21|A0A0M3QZ21_DROBS, there are 9 compositionally biased regions
Biases: [('SINGLE', 5), ('MULTIPLE', 2), ('WHOLE', 2)]
Signatures: [('{P}', 3), ('{Q}', 2), ('{H}', 2), ('{HP}', 2)]
Residue Counts: [('17', 1), ('43', 1), ('40', 1), ('10', 1), ('8', 1), ('90', 1), ('14', 1), ('94', 1), ('93', 1)]

For sequence: tr|A0A0M4F8Q4|A0A0M4F8Q4_DROBS, there are 9 compositionally biased regions
Biases: [('SINGLE', 6), ('WHOLE', 2), ('MULTIPLE', 1)]
Signatures: [('{Q}', 3), ('{P}', 3), ('{H}', 2), ('{HP}', 1)]
Residue Counts: [('11', 2), ('107', 1), ('115', 1), ('9', 1), ('8', 1), ('18', 1), ('184', 1), ('157', 1)]

For sequence: tr|A0A0M4F8S5|A0A0M4F8S5_DROBS, there are 9 compositionally biased regions
Biases: [('SINGLE', 6), ('MULTIPLE', 2), ('WHOLE', 1)]
Signatures: [('{Q}', 5), ('{P}', 2), ('{QH}', 2)]
Residue Counts: [('21', 1), ('13', 1), ('12', 1), ('10', 1), ('9', 1), ('15', 1), ('28', 1), ('17', 1), ('144', 1)]

For sequence: tr|A0A0M4FAM1|A0A0M4FAM1_DROBS, there are 9 compositionally biased regions
Biases: [('SINGLE', 5), ('MULTIPLE', 2), ('WHOLE', 2)]
Signatures: [('{Q}', 3), ('{P}', 3), ('{H}', 1), ('{QP}', 1), ('{PQ}', 1)]
Residue Counts: [('201', 1), ('217', 1), ('73', 1), ('79', 1), ('8', 1), ('296', 1), ('413', 1), ('456', 1), ('364', 1)]

For sequence: tr|A0A0M5J1P5|A0A0M5J1P5_DROBS, there are 9 compositionally biased regions
Biases: [('SINGLE', 7), ('WHOLE', 2)]
Signatures: [('{Q}', 4), ('{H}', 3), ('{P}', 2)]
Residue Counts: [('71', 1), ('31', 1), ('14', 1), ('11', 1), ('59', 1), ('8', 1), ('7', 1), ('149', 1), ('93', 1)]

################################################################################
