Overview of all the compositionally biased regions from the file drosophila_7222.out: with 8006 regions

Counter of all Biases Types from the 8006 compositionally biased regions
[('SINGLE', 5646), ('WHOLE', 1521), ('MULTIPLE', 839)]
Counter of all Signatures from the 8006 compositionally biased regions
[('{Q}', 4448), ('{P}', 2032), ('{H}', 687), ('{QH}', 244), ('{QP}', 243), ('{PQ}', 173), ('{HQ}', 63), ('{HP}', 43), ('{PH}', 33), ('{QPH}', 13), ('{QHP}', 9), ('{HPQ}', 7), ('{PHQ}', 5), ('{HQP}', 4), ('{PQH}', 2)]
Top 5 Residue Counts from the 8006 compositionally biased regions
[('10', 379), ('9', 349), ('8', 312), ('11', 286), ('12', 275), ('13', 243), ('14', 235), ('16', 212), ('7', 200), ('15', 195)]

Sequences with most biased regions up to range 10:
################################################################################
For sequence: tr|B4JBE8|B4JBE8_DROGR, there are 17 compositionally biased regions
Biases: [('SINGLE', 13), ('MULTIPLE', 2), ('WHOLE', 2)]
Signatures: [('{Q}', 7), ('{H}', 5), ('{P}', 3), ('{QP}', 1), ('{QH}', 1)]
Residue Counts: [('403', 1), ('288', 1), ('35', 1), ('27', 1), ('25', 1), ('14', 1), ('15', 1), ('12', 1), ('11', 1), ('20', 1), ('9', 1), ('5', 1), ('7', 1), ('643', 1), ('37', 1), ('711', 1), ('450', 1)]

For sequence: tr|B4JLX9|B4JLX9_DROGR, there are 12 compositionally biased regions
Biases: [('SINGLE', 10), ('MULTIPLE', 1), ('WHOLE', 1)]
Signatures: [('{Q}', 8), ('{P}', 2), ('{H}', 1), ('{PQ}', 1)]
Residue Counts: [('12', 2), ('81', 1), ('42', 1), ('13', 1), ('7', 1), ('73', 1), ('11', 1), ('9', 1), ('8', 1), ('133', 1), ('414', 1)]

For sequence: tr|B4IYM2|B4IYM2_DROGR, there are 12 compositionally biased regions
Biases: [('SINGLE', 8), ('MULTIPLE', 2), ('WHOLE', 2)]
Signatures: [('{Q}', 6), ('{H}', 2), ('{P}', 2), ('{QP}', 1), ('{HQ}', 1)]
Residue Counts: [('13', 2), ('9', 2), ('46', 1), ('16', 1), ('149', 1), ('8', 1), ('306', 1), ('21', 1), ('198', 1), ('173', 1)]

For sequence: tr|B4JJX1|B4JJX1_DROGR, there are 11 compositionally biased regions
Biases: [('SINGLE', 8), ('WHOLE', 2), ('MULTIPLE', 1)]
Signatures: [('{Q}', 5), ('{P}', 3), ('{H}', 2), ('{HPQ}', 1)]
Residue Counts: [('13', 3), ('24', 1), ('25', 1), ('26', 1), ('17', 1), ('8', 1), ('33', 1), ('122', 1), ('116', 1)]

For sequence: tr|B4JJ07|B4JJ07_DROGR, there are 10 compositionally biased regions
Biases: [('SINGLE', 6), ('MULTIPLE', 2), ('WHOLE', 2)]
Signatures: [('{Q}', 5), ('{P}', 3), ('{QP}', 1), ('{PQ}', 1)]
Residue Counts: [('286', 1), ('98', 1), ('89', 1), ('9', 1), ('126', 1), ('10', 1), ('211', 1), ('410', 1), ('492', 1), ('268', 1)]

For sequence: tr|B4IXH7|B4IXH7_DROGR, there are 10 compositionally biased regions
Biases: [('SINGLE', 5), ('MULTIPLE', 3), ('WHOLE', 2)]
Signatures: [('{Q}', 3), ('{P}', 2), ('{H}', 2), ('{PH}', 1), ('{QH}', 1), ('{HQ}', 1)]
Residue Counts: [('105', 1), ('99', 1), ('20', 1), ('11', 1), ('44', 1), ('162', 1), ('27', 1), ('14', 1), ('201', 1), ('126', 1)]

For sequence: tr|B4IYI0|B4IYI0_DROGR, there are 10 compositionally biased regions
Biases: [('SINGLE', 6), ('MULTIPLE', 2), ('WHOLE', 2)]
Signatures: [('{Q}', 5), ('{P}', 2), ('{H}', 1), ('{QP}', 1), ('{QH}', 1)]
Residue Counts: [('176', 1), ('34', 1), ('30', 1), ('251', 1), ('22', 1), ('9', 1), ('600', 1), ('37', 1), ('398', 1), ('283', 1)]

For sequence: tr|B4J8Q4|B4J8Q4_DROGR, there are 10 compositionally biased regions
Biases: [('SINGLE', 6), ('MULTIPLE', 2), ('WHOLE', 2)]
Signatures: [('{Q}', 3), ('{P}', 3), ('{H}', 2), ('{QP}', 1), ('{HP}', 1)]
Residue Counts: [('181', 1), ('94', 1), ('60', 1), ('20', 1), ('10', 1), ('8', 1), ('285', 1), ('18', 1), ('287', 1), ('138', 1)]

For sequence: tr|B4J5W2|B4J5W2_DROGR, there are 9 compositionally biased regions
Biases: [('SINGLE', 7), ('MULTIPLE', 1), ('WHOLE', 1)]
Signatures: [('{Q}', 4), ('{H}', 3), ('{P}', 1), ('{QH}', 1)]
Residue Counts: [('27', 1), ('43', 1), ('69', 1), ('10', 1), ('12', 1), ('9', 1), ('8', 1), ('22', 1), ('117', 1)]

For sequence: tr|B4J987|B4J987_DROGR, there are 9 compositionally biased regions
Biases: [('SINGLE', 7), ('MULTIPLE', 1), ('WHOLE', 1)]
Signatures: [('{P}', 4), ('{Q}', 3), ('{H}', 1), ('{HQ}', 1)]
Residue Counts: [('7', 2), ('18', 1), ('12', 1), ('10', 1), ('17', 1), ('9', 1), ('26', 1), ('77', 1)]

################################################################################
