Overview of all the compositionally biased regions from the file drosophila_7238.out: with 6220 regions

Counter of all Biases Types from the 6220 compositionally biased regions
[('SINGLE', 4270), ('WHOLE', 1131), ('MULTIPLE', 819)]
Counter of all Signatures from the 6220 compositionally biased regions
[('{Q}', 2452), ('{P}', 2395), ('{H}', 554), ('{PQ}', 215), ('{QP}', 210), ('{QH}', 184), ('{HQ}', 72), ('{HP}', 51), ('{PH}', 34), ('{QPH}', 15), ('{QHP}', 12), ('{HQP}', 8), ('{PQH}', 6), ('{PHQ}', 6), ('{HPQ}', 6)]
Top 5 Residue Counts from the 6220 compositionally biased regions
[('9', 253), ('10', 235), ('8', 227), ('11', 226), ('12', 216), ('14', 170), ('13', 166), ('15', 162), ('7', 158), ('20', 137)]

Sequences with most biased regions up to range 10:
################################################################################
For sequence: tr|B4IDI6|B4IDI6_DROSE, there are 8 compositionally biased regions
Biases: [('SINGLE', 5), ('WHOLE', 2), ('MULTIPLE', 1)]
Signatures: [('{Q}', 4), ('{P}', 3), ('{QP}', 1)]
Residue Counts: [('216', 1), ('101', 1), ('87', 1), ('9', 1), ('43', 1), ('208', 1), ('391', 1), ('233', 1)]

For sequence: tr|B4HJI6|B4HJI6_DROSE, there are 8 compositionally biased regions
Biases: [('SINGLE', 5), ('WHOLE', 2), ('MULTIPLE', 1)]
Signatures: [('{Q}', 4), ('{P}', 2), ('{H}', 1), ('{QH}', 1)]
Residue Counts: [('235', 1), ('18', 1), ('12', 1), ('59', 1), ('31', 1), ('106', 1), ('289', 1), ('157', 1)]

For sequence: tr|B4HUY1|B4HUY1_DROSE, there are 8 compositionally biased regions
Biases: [('SINGLE', 4), ('MULTIPLE', 2), ('WHOLE', 2)]
Signatures: [('{H}', 4), ('{Q}', 2), ('{HP}', 2)]
Residue Counts: [('16', 2), ('31', 1), ('12', 1), ('10', 1), ('18', 1), ('64', 1), ('63', 1)]

For sequence: tr|B4HVH0|B4HVH0_DROSE, there are 8 compositionally biased regions
Biases: [('SINGLE', 5), ('WHOLE', 2), ('MULTIPLE', 1)]
Signatures: [('{Q}', 3), ('{P}', 2), ('{H}', 2), ('{PQH}', 1)]
Residue Counts: [('96', 1), ('47', 1), ('9', 1), ('37', 1), ('7', 1), ('229', 1), ('132', 1), ('131', 1)]

For sequence: tr|B4HFZ3|B4HFZ3_DROSE, there are 8 compositionally biased regions
Biases: [('SINGLE', 5), ('MULTIPLE', 2), ('WHOLE', 1)]
Signatures: [('{Q}', 4), ('{QH}', 2), ('{P}', 1), ('{H}', 1)]
Residue Counts: [('37', 1), ('77', 1), ('19', 1), ('9', 1), ('20', 1), ('56', 1), ('24', 1), ('167', 1)]

For sequence: tr|B4HVZ5|B4HVZ5_DROSE, there are 8 compositionally biased regions
Biases: [('SINGLE', 5), ('WHOLE', 2), ('MULTIPLE', 1)]
Signatures: [('{Q}', 3), ('{P}', 3), ('{H}', 1), ('{QP}', 1)]
Residue Counts: [('48', 1), ('23', 1), ('41', 1), ('9', 1), ('10', 1), ('72', 1), ('104', 1), ('97', 1)]

For sequence: tr|B4I097|B4I097_DROSE, there are 8 compositionally biased regions
Biases: [('SINGLE', 5), ('WHOLE', 2), ('MULTIPLE', 1)]
Signatures: [('{Q}', 4), ('{P}', 3), ('{QP}', 1)]
Residue Counts: [('9', 2), ('89', 1), ('36', 1), ('109', 1), ('285', 1), ('218', 1), ('157', 1)]

For sequence: tr|B4I0B9|B4I0B9_DROSE, there are 8 compositionally biased regions
Biases: [('SINGLE', 6), ('MULTIPLE', 1), ('WHOLE', 1)]
Signatures: [('{Q}', 3), ('{P}', 2), ('{H}', 2), ('{HQ}', 1)]
Residue Counts: [('106', 1), ('10', 1), ('9', 1), ('12', 1), ('11', 1), ('30', 1), ('18', 1), ('140', 1)]

For sequence: tr|B4IIW9|B4IIW9_DROSE, there are 8 compositionally biased regions
Biases: [('SINGLE', 5), ('MULTIPLE', 2), ('WHOLE', 1)]
Signatures: [('{Q}', 3), ('{H}', 2), ('{P}', 1), ('{QH}', 1), ('{QPH}', 1)]
Residue Counts: [('40', 1), ('14', 1), ('31', 1), ('24', 1), ('71', 1), ('60', 1), ('112', 1), ('133', 1)]

For sequence: tr|B4IJ59|B4IJ59_DROSE, there are 7 compositionally biased regions
Biases: [('SINGLE', 5), ('MULTIPLE', 2)]
Signatures: [('{Q}', 3), ('{P}', 1), ('{H}', 1), ('{QPH}', 1), ('{QH}', 1)]
Residue Counts: [('18', 2), ('52', 1), ('55', 1), ('20', 1), ('148', 1), ('33', 1)]

################################################################################
