Overview of all the compositionally biased regions from the file drosophila_7260.out: with 7591 regions

Counter of all Biases Types from the 7591 compositionally biased regions
[('SINGLE', 5493), ('WHOLE', 1190), ('MULTIPLE', 908)]
Counter of all Signatures from the 7591 compositionally biased regions
[('{Q}', 3475), ('{P}', 2483), ('{H}', 725), ('{QP}', 281), ('{PQ}', 235), ('{QH}', 199), ('{HQ}', 87), ('{PH}', 34), ('{HP}', 31), ('{HQP}', 10), ('{QPH}', 9), ('{QHP}', 7), ('{PQH}', 6), ('{PHQ}', 6), ('{HPQ}', 3)]
Top 5 Residue Counts from the 7591 compositionally biased regions
[('9', 382), ('8', 343), ('10', 340), ('11', 321), ('12', 304), ('13', 271), ('7', 251), ('14', 223), ('15', 193), ('16', 178)]

Sequences with most biased regions up to range 10:
################################################################################
For sequence: tr|B4MTV2|B4MTV2_DROWI, there are 12 compositionally biased regions
Biases: [('SINGLE', 8), ('MULTIPLE', 2), ('WHOLE', 2)]
Signatures: [('{Q}', 5), ('{P}', 3), ('{H}', 2), ('{PQ}', 1), ('{HQ}', 1)]
Residue Counts: [('11', 2), ('319', 1), ('266', 1), ('31', 1), ('56', 1), ('21', 1), ('8', 1), ('7', 1), ('474', 1), ('498', 1), ('470', 1)]

For sequence: tr|B4NN44|B4NN44_DROWI, there are 12 compositionally biased regions
Biases: [('SINGLE', 8), ('MULTIPLE', 2), ('WHOLE', 2)]
Signatures: [('{Q}', 4), ('{P}', 3), ('{H}', 3), ('{QP}', 1), ('{HP}', 1)]
Residue Counts: [('128', 2), ('22', 2), ('89', 1), ('12', 1), ('21', 1), ('10', 1), ('11', 1), ('8', 1), ('204', 1), ('216', 1)]

For sequence: tr|B4N831|B4N831_DROWI, there are 10 compositionally biased regions
Biases: [('SINGLE', 6), ('MULTIPLE', 3), ('WHOLE', 1)]
Signatures: [('{Q}', 4), ('{P}', 2), ('{H}', 1), ('{QH}', 1), ('{QP}', 1), ('{HQ}', 1)]
Residue Counts: [('24', 1), ('13', 1), ('15', 1), ('38', 1), ('11', 1), ('8', 1), ('36', 1), ('64', 1), ('23', 1), ('164', 1)]

For sequence: tr|B4MM36|B4MM36_DROWI, there are 10 compositionally biased regions
Biases: [('SINGLE', 7), ('MULTIPLE', 2), ('WHOLE', 1)]
Signatures: [('{Q}', 5), ('{P}', 3), ('{QP}', 1), ('{PQ}', 1)]
Residue Counts: [('18', 2), ('16', 1), ('17', 1), ('165', 1), ('10', 1), ('6', 1), ('262', 1), ('24', 1), ('266', 1)]

For sequence: tr|B4MX97|B4MX97_DROWI, there are 10 compositionally biased regions
Biases: [('SINGLE', 7), ('WHOLE', 2), ('MULTIPLE', 1)]
Signatures: [('{Q}', 5), ('{P}', 2), ('{H}', 2), ('{QH}', 1)]
Residue Counts: [('9', 3), ('37', 1), ('40', 1), ('24', 1), ('10', 1), ('35', 1), ('162', 1), ('157', 1)]

For sequence: tr|B4MYG4|B4MYG4_DROWI, there are 10 compositionally biased regions
Biases: [('SINGLE', 6), ('MULTIPLE', 2), ('WHOLE', 2)]
Signatures: [('{Q}', 5), ('{P}', 2), ('{H}', 1), ('{QP}', 1), ('{HQ}', 1)]
Residue Counts: [('87', 1), ('22', 1), ('40', 1), ('20', 1), ('15', 1), ('10', 1), ('69', 1), ('25', 1), ('199', 1), ('145', 1)]

For sequence: tr|B4NE90|B4NE90_DROWI, there are 10 compositionally biased regions
Biases: [('SINGLE', 6), ('MULTIPLE', 2), ('WHOLE', 2)]
Signatures: [('{Q}', 4), ('{P}', 3), ('{QP}', 2), ('{H}', 1)]
Residue Counts: [('224', 1), ('165', 1), ('24', 1), ('33', 1), ('6', 1), ('40', 1), ('393', 1), ('49', 1), ('342', 1), ('292', 1)]

For sequence: tr|B4NPR6|B4NPR6_DROWI, there are 10 compositionally biased regions
Biases: [('SINGLE', 8), ('MULTIPLE', 1), ('WHOLE', 1)]
Signatures: [('{Q}', 4), ('{H}', 3), ('{P}', 2), ('{QHP}', 1)]
Residue Counts: [('16', 2), ('6', 2), ('13', 1), ('11', 1), ('33', 1), ('9', 1), ('77', 1), ('88', 1)]

For sequence: tr|B4NJR1|B4NJR1_DROWI, there are 9 compositionally biased regions
Biases: [('SINGLE', 6), ('MULTIPLE', 2), ('WHOLE', 1)]
Signatures: [('{Q}', 5), ('{P}', 2), ('{QP}', 2)]
Residue Counts: [('12', 2), ('81', 1), ('21', 1), ('15', 1), ('27', 1), ('111', 1), ('26', 1), ('283', 1)]

For sequence: tr|B4NC83|B4NC83_DROWI, there are 9 compositionally biased regions
Biases: [('SINGLE', 7), ('MULTIPLE', 1), ('WHOLE', 1)]
Signatures: [('{Q}', 4), ('{P}', 2), ('{H}', 2), ('{QP}', 1)]
Residue Counts: [('13', 2), ('31', 1), ('48', 1), ('11', 1), ('8', 1), ('9', 1), ('79', 1), ('182', 1)]

################################################################################
