Overview of all the compositionally biased regions from the file drosophila_7240.out: with 5519 regions

Counter of all Biases Types from the 5519 compositionally biased regions
[('SINGLE', 3756), ('WHOLE', 1024), ('MULTIPLE', 739)]
Counter of all Signatures from the 5519 compositionally biased regions
[('{Q}', 2205), ('{P}', 2113), ('{H}', 462), ('{QP}', 208), ('{PQ}', 173), ('{QH}', 157), ('{HQ}', 68), ('{HP}', 49), ('{PH}', 38), ('{QPH}', 16), ('{QHP}', 12), ('{PHQ}', 7), ('{HPQ}', 4), ('{HQP}', 4), ('{PQH}', 3)]
Top 5 Residue Counts from the 5519 compositionally biased regions
[('9', 228), ('10', 227), ('11', 203), ('12', 193), ('8', 188), ('13', 146), ('14', 144), ('15', 138), ('7', 133), ('16', 132)]

Sequences with most biased regions up to range 10:
################################################################################
For sequence: tr|B4R761|B4R761_DROSI, there are 9 compositionally biased regions
Biases: [('SINGLE', 5), ('MULTIPLE', 2), ('WHOLE', 2)]
Signatures: [('{Q}', 4), ('{P}', 3), ('{QP}', 2)]
Residue Counts: [('102', 1), ('38', 1), ('99', 1), ('9', 1), ('14', 1), ('222', 1), ('61', 1), ('240', 1), ('197', 1)]

For sequence: tr|B4QIJ3|B4QIJ3_DROSI, there are 8 compositionally biased regions
Biases: [('SINGLE', 6), ('MULTIPLE', 1), ('WHOLE', 1)]
Signatures: [('{Q}', 3), ('{P}', 3), ('{H}', 1), ('{QP}', 1)]
Residue Counts: [('12', 1), ('84', 1), ('8', 1), ('17', 1), ('11', 1), ('9', 1), ('154', 1), ('185', 1)]

For sequence: tr|B4R4V7|B4R4V7_DROSI, there are 8 compositionally biased regions
Biases: [('SINGLE', 5), ('MULTIPLE', 2), ('WHOLE', 1)]
Signatures: [('{Q}', 4), ('{P}', 1), ('{H}', 1), ('{QPH}', 1), ('{QH}', 1)]
Residue Counts: [('19', 1), ('57', 1), ('56', 1), ('20', 1), ('18', 1), ('137', 1), ('33', 1), ('161', 1)]

For sequence: tr|B4QQC0|B4QQC0_DROSI, there are 8 compositionally biased regions
Biases: [('SINGLE', 5), ('MULTIPLE', 2), ('WHOLE', 1)]
Signatures: [('{Q}', 3), ('{H}', 2), ('{P}', 1), ('{QP}', 1), ('{QH}', 1)]
Residue Counts: [('80', 1), ('11', 1), ('34', 1), ('9', 1), ('17', 1), ('120', 1), ('30', 1), ('108', 1)]

For sequence: tr|B4QYB7|B4QYB7_DROSI, there are 8 compositionally biased regions
Biases: [('SINGLE', 5), ('WHOLE', 2), ('MULTIPLE', 1)]
Signatures: [('{Q}', 4), ('{P}', 2), ('{H}', 1), ('{QPH}', 1)]
Residue Counts: [('26', 1), ('97', 1), ('15', 1), ('12', 1), ('13', 1), ('241', 1), ('158', 1), ('138', 1)]

For sequence: tr|B4R667|B4R667_DROSI, there are 8 compositionally biased regions
Biases: [('SINGLE', 6), ('MULTIPLE', 1), ('WHOLE', 1)]
Signatures: [('{Q}', 4), ('{P}', 2), ('{H}', 1), ('{HQ}', 1)]
Residue Counts: [('36', 1), ('27', 1), ('15', 1), ('10', 1), ('22', 1), ('8', 1), ('43', 1), ('155', 1)]

For sequence: tr|B4QFI8|B4QFI8_DROSI, there are 8 compositionally biased regions
Biases: [('SINGLE', 4), ('MULTIPLE', 3), ('WHOLE', 1)]
Signatures: [('{Q}', 2), ('{P}', 2), ('{H}', 1), ('{QH}', 1), ('{PH}', 1), ('{QP}', 1)]
Residue Counts: [('15', 1), ('32', 1), ('17', 1), ('9', 1), ('22', 1), ('51', 1), ('34', 1), ('89', 1)]

For sequence: tr|B4QFM5|B4QFM5_DROSI, there are 8 compositionally biased regions
Biases: [('SINGLE', 5), ('MULTIPLE', 2), ('WHOLE', 1)]
Signatures: [('{Q}', 4), ('{H}', 1), ('{P}', 1), ('{QP}', 1), ('{HP}', 1)]
Residue Counts: [('7', 2), ('16', 1), ('13', 1), ('49', 1), ('96', 1), ('12', 1), ('103', 1)]

For sequence: tr|B4QV29|B4QV29_DROSI, there are 8 compositionally biased regions
Biases: [('SINGLE', 4), ('MULTIPLE', 3), ('WHOLE', 1)]
Signatures: [('{Q}', 3), ('{HP}', 2), ('{H}', 1), ('{P}', 1), ('{PQ}', 1)]
Residue Counts: [('85', 1), ('10', 1), ('13', 1), ('32', 1), ('21', 1), ('50', 1), ('17', 1), ('206', 1)]

For sequence: tr|B4QU46|B4QU46_DROSI, there are 8 compositionally biased regions
Biases: [('SINGLE', 5), ('WHOLE', 2), ('MULTIPLE', 1)]
Signatures: [('{Q}', 3), ('{P}', 2), ('{H}', 2), ('{QP}', 1)]
Residue Counts: [('44', 1), ('61', 1), ('20', 1), ('13', 1), ('7', 1), ('130', 1), ('82', 1), ('70', 1)]

################################################################################
